<?xml version="1.0" encoding="UTF-8"?>
<testsuite xmlns:xsi="http://www.w3.org/2001/XMLSchema-instance" xsi:noNamespaceSchemaLocation="https://maven.apache.org/surefire/maven-surefire-plugin/xsd/surefire-test-report-3.0.xsd" version="3.0" name="com.AlertSystem.backendSiteDiplom.BackendSiteDiplomApplicationTests" time="6.941" tests="1" errors="0" skipped="0" failures="0">
  <properties>
[...]
</properties>
  <testcase name="contextLoads" classname="com.AlertSystem.backendSiteDiplom.BackendSiteDiplomApplicationTests" time="0.837">
    <system-out><![CDATA[19:44:23.947 [main] INFO org.springframework.test.context.support.AnnotationConfigContextLoaderUtils -- Could not detect default configuration classes for test class [com.AlertSystem.backendSiteDiplom.BackendSiteDiplomApplicationTests]: BackendSiteDiplomApplicationTests does not declare any static, non-private, non-final, nested classes annotated with @Configuration.
19:44:24.150 [main] INFO org.springframework.boot.test.context.SpringBootTestContextBootstrapper -- Found @SpringBootConfiguration com.AlertSystem.backendSiteDiplom.BackendSiteDiplomApplication for test class com.AlertSystem.backendSiteDiplom.BackendSiteDiplomApplicationTests

  .   ____          _            __ _ _
 /\\ / ___'_ __ _ _(_)_ __  __ _ \ \ \ \
( ( )\___ | '_ | '_| | '_ \/ _` | \ \ \ \
 \\/  ___)| |_)| | | | | || (_| |  ) ) ) )
  '  |____| .__|_| |_|_| |_\__, | / / / /
 =========|_|==============|___/=/_/_/_/
 :: Spring Boot ::                (v3.2.0)

2024-01-15T19:44:24.612+04:00  INFO 36107 --- [           main] c.A.b.BackendSiteDiplomApplicationTests  : Starting BackendSiteDiplomApplicationTests using Java 18.0.2-ea with PID 36107 (started by nikita in /home/nikita/JavaProject/backendSiteDiplom)
2024-01-15T19:44:24.614+04:00  INFO 36107 --- [           main] c.A.b.BackendSiteDiplomApplicationTests  : No active profile set, falling back to 1 default profile: "default"
2024-01-15T19:44:25.543+04:00  INFO 36107 --- [           main] .s.d.r.c.RepositoryConfigurationDelegate : Bootstrapping Spring Data JPA repositories in DEFAULT mode.
2024-01-15T19:44:25.639+04:00  INFO 36107 --- [           main] .s.d.r.c.RepositoryConfigurationDelegate : Finished Spring Data repository scanning in 84 ms. Found 3 JPA repository interfaces.
2024-01-15T19:44:26.326+04:00  INFO 36107 --- [           main] com.zaxxer.hikari.HikariDataSource       : HikariPool-1 - Starting...
2024-01-15T19:44:26.789+04:00  INFO 36107 --- [           main] com.zaxxer.hikari.pool.HikariPool        : HikariPool-1 - Added connection org.postgresql.jdbc.PgConnection@382dc417
2024-01-15T19:44:26.791+04:00  INFO 36107 --- [           main] com.zaxxer.hikari.HikariDataSource       : HikariPool-1 - Start completed.
2024-01-15T19:44:26.856+04:00  INFO 36107 --- [           main] o.hibernate.jpa.internal.util.LogHelper  : HHH000204: Processing PersistenceUnitInfo [name: default]
2024-01-15T19:44:26.921+04:00  INFO 36107 --- [           main] org.hibernate.Version                    : HHH000412: Hibernate ORM core version 6.3.1.Final
2024-01-15T19:44:26.968+04:00  INFO 36107 --- [           main] o.h.c.internal.RegionFactoryInitiator    : HHH000026: Second-level cache disabled
2024-01-15T19:44:27.295+04:00  INFO 36107 --- [           main] o.s.o.j.p.SpringPersistenceUnitInfo      : No LoadTimeWeaver setup: ignoring JPA class transformer
2024-01-15T19:44:27.357+04:00  WARN 36107 --- [           main] org.hibernate.orm.deprecation            : HHH90000025: PostgreSQLDialect does not need to be specified explicitly using 'hibernate.dialect' (remove the property setting and it will be selected by default)
2024-01-15T19:44:28.212+04:00  INFO 36107 --- [           main] o.h.e.t.j.p.i.JtaPlatformInitiator       : HHH000489: No JTA platform available (set 'hibernate.transaction.jta.platform' to enable JTA platform integration)
2024-01-15T19:44:28.215+04:00  INFO 36107 --- [           main] j.LocalContainerEntityManagerFactoryBean : Initialized JPA EntityManagerFactory for persistence unit 'default'
2024-01-15T19:44:28.986+04:00  WARN 36107 --- [           main] JpaBaseConfiguration$JpaWebConfiguration : spring.jpa.open-in-view is enabled by default. Therefore, database queries may be performed during view rendering. Explicitly configure spring.jpa.open-in-view to disable this warning
2024-01-15T19:44:29.358+04:00  INFO 36107 --- [           main] o.s.s.web.DefaultSecurityFilterChain     : Will secure any request with [org.springframework.security.web.session.DisableEncodeUrlFilter@3dd27116, org.springframework.security.web.context.request.async.WebAsyncManagerIntegrationFilter@63218586, org.springframework.security.web.context.SecurityContextHolderFilter@2fafa9bf, org.springframework.security.web.header.HeaderWriterFilter@39a1e1e6, org.springframework.web.filter.CorsFilter@341c0dfc, org.springframework.security.web.authentication.logout.LogoutFilter@4a249610, org.springframework.security.web.authentication.UsernamePasswordAuthenticationFilter@3c1d6ef0, com.AlertSystem.backendSiteDiplom.config.JWTFilter@15c3585, org.springframework.security.web.savedrequest.RequestCacheAwareFilter@43c3354, org.springframework.security.web.servletapi.SecurityContextHolderAwareRequestFilter@260fffec, org.springframework.security.web.authentication.AnonymousAuthenticationFilter@7e0b68e5, org.springframework.security.web.session.SessionManagementFilter@5f346355, org.springframework.security.web.access.ExceptionTranslationFilter@1abd1a28, org.springframework.security.web.access.intercept.AuthorizationFilter@95aeee4]
2024-01-15T19:44:29.785+04:00  INFO 36107 --- [           main] c.A.b.BackendSiteDiplomApplicationTests  : Started BackendSiteDiplomApplicationTests in 5.436 seconds (process running for 6.775)
]]></system-out>
  </testcase>
</testsuite>